mode: atomic
github.com/Andrew1996-la/ship-builder/order/internal/api/order/v1/api.go:10.37,14.2 1 0
github.com/Andrew1996-la/ship-builder/order/internal/api/order/v1/cancel.go:12.114,14.16 2 0
github.com/Andrew1996-la/ship-builder/order/internal/api/order/v1/cancel.go:14.16,15.10 1 0
github.com/Andrew1996-la/ship-builder/order/internal/api/order/v1/cancel.go:16.46,20.10 1 0
github.com/Andrew1996-la/ship-builder/order/internal/api/order/v1/cancel.go:21.49,25.10 1 0
github.com/Andrew1996-la/ship-builder/order/internal/api/order/v1/cancel.go:26.47,30.10 1 0
github.com/Andrew1996-la/ship-builder/order/internal/api/order/v1/cancel.go:31.11,32.19 1 0
github.com/Andrew1996-la/ship-builder/order/internal/api/order/v1/cancel.go:36.2,36.44 1 0
github.com/Andrew1996-la/ship-builder/order/internal/api/order/v1/create.go:13.113,19.48 2 0
github.com/Andrew1996-la/ship-builder/order/internal/api/order/v1/create.go:19.48,21.3 1 0
github.com/Andrew1996-la/ship-builder/order/internal/api/order/v1/create.go:23.2,23.48 1 0
github.com/Andrew1996-la/ship-builder/order/internal/api/order/v1/create.go:23.48,25.3 1 0
github.com/Andrew1996-la/ship-builder/order/internal/api/order/v1/create.go:27.2,28.16 2 0
github.com/Andrew1996-la/ship-builder/order/internal/api/order/v1/create.go:28.16,29.10 1 0
github.com/Andrew1996-la/ship-builder/order/internal/api/order/v1/create.go:30.45,34.10 1 0
github.com/Andrew1996-la/ship-builder/order/internal/api/order/v1/create.go:35.43,39.10 1 0
github.com/Andrew1996-la/ship-builder/order/internal/api/order/v1/create.go:40.11,44.10 1 0
github.com/Andrew1996-la/ship-builder/order/internal/api/order/v1/create.go:48.2,51.8 1 0
github.com/Andrew1996-la/ship-builder/order/internal/api/order/v1/get.go:13.105,15.16 2 0
github.com/Andrew1996-la/ship-builder/order/internal/api/order/v1/get.go:15.16,16.44 1 0
github.com/Andrew1996-la/ship-builder/order/internal/api/order/v1/get.go:16.44,21.4 1 0
github.com/Andrew1996-la/ship-builder/order/internal/api/order/v1/get.go:22.3,22.18 1 0
github.com/Andrew1996-la/ship-builder/order/internal/api/order/v1/get.go:25.2,25.41 1 0
github.com/Andrew1996-la/ship-builder/order/internal/api/order/v1/pay.go:13.135,20.16 3 0
github.com/Andrew1996-la/ship-builder/order/internal/api/order/v1/pay.go:20.16,21.10 1 0
github.com/Andrew1996-la/ship-builder/order/internal/api/order/v1/pay.go:22.46,26.10 1 0
github.com/Andrew1996-la/ship-builder/order/internal/api/order/v1/pay.go:27.49,31.10 1 0
github.com/Andrew1996-la/ship-builder/order/internal/api/order/v1/pay.go:32.47,36.10 1 0
github.com/Andrew1996-la/ship-builder/order/internal/api/order/v1/pay.go:37.11,41.10 1 0
github.com/Andrew1996-la/ship-builder/order/internal/api/order/v1/pay.go:45.2,47.8 1 0
github.com/Andrew1996-la/ship-builder/order/internal/service/order/cancel.go:12.89,14.16 2 0
github.com/Andrew1996-la/ship-builder/order/internal/service/order/cancel.go:14.16,16.3 1 0
github.com/Andrew1996-la/ship-builder/order/internal/service/order/cancel.go:18.2,18.43 1 0
github.com/Andrew1996-la/ship-builder/order/internal/service/order/cancel.go:18.43,20.3 1 0
github.com/Andrew1996-la/ship-builder/order/internal/service/order/cancel.go:22.2,22.48 1 0
github.com/Andrew1996-la/ship-builder/order/internal/service/order/cancel.go:22.48,24.3 1 0
github.com/Andrew1996-la/ship-builder/order/internal/service/order/cancel.go:26.2,29.16 3 0
github.com/Andrew1996-la/ship-builder/order/internal/service/order/cancel.go:29.16,31.3 1 0
github.com/Andrew1996-la/ship-builder/order/internal/service/order/cancel.go:33.2,33.19 1 0
github.com/Andrew1996-la/ship-builder/order/internal/service/order/create.go:13.96,17.16 3 0
github.com/Andrew1996-la/ship-builder/order/internal/service/order/create.go:17.16,19.3 1 0
github.com/Andrew1996-la/ship-builder/order/internal/service/order/create.go:21.2,21.34 1 0
github.com/Andrew1996-la/ship-builder/order/internal/service/order/create.go:21.34,23.3 1 0
github.com/Andrew1996-la/ship-builder/order/internal/service/order/create.go:25.2,27.29 2 0
github.com/Andrew1996-la/ship-builder/order/internal/service/order/create.go:27.29,28.30 1 0
github.com/Andrew1996-la/ship-builder/order/internal/service/order/create.go:28.30,30.4 1 0
github.com/Andrew1996-la/ship-builder/order/internal/service/order/create.go:32.3,32.27 1 0
github.com/Andrew1996-la/ship-builder/order/internal/service/order/create.go:35.2,47.16 3 0
github.com/Andrew1996-la/ship-builder/order/internal/service/order/create.go:47.16,49.3 1 0
github.com/Andrew1996-la/ship-builder/order/internal/service/order/create.go:51.2,51.19 1 0
github.com/Andrew1996-la/ship-builder/order/internal/service/order/get.go:11.81,13.2 1 0
github.com/Andrew1996-la/ship-builder/order/internal/service/order/pay.go:10.90,12.16 2 0
github.com/Andrew1996-la/ship-builder/order/internal/service/order/pay.go:12.16,14.3 1 0
github.com/Andrew1996-la/ship-builder/order/internal/service/order/pay.go:16.2,16.43 1 0
github.com/Andrew1996-la/ship-builder/order/internal/service/order/pay.go:16.43,18.3 1 0
github.com/Andrew1996-la/ship-builder/order/internal/service/order/pay.go:20.2,20.48 1 0
github.com/Andrew1996-la/ship-builder/order/internal/service/order/pay.go:20.48,22.3 1 0
github.com/Andrew1996-la/ship-builder/order/internal/service/order/pay.go:24.2,25.16 2 0
github.com/Andrew1996-la/ship-builder/order/internal/service/order/pay.go:25.16,27.3 1 0
github.com/Andrew1996-la/ship-builder/order/internal/service/order/pay.go:29.2,34.16 5 0
github.com/Andrew1996-la/ship-builder/order/internal/service/order/pay.go:34.16,36.3 1 0
github.com/Andrew1996-la/ship-builder/order/internal/service/order/pay.go:38.2,38.19 1 0
github.com/Andrew1996-la/ship-builder/order/internal/service/order/service.go:13.12,19.2 1 0
github.com/Andrew1996-la/ship-builder/order/internal/api/order/v1/api.go:10.37,14.2 1 17
github.com/Andrew1996-la/ship-builder/order/internal/api/order/v1/cancel.go:12.114,14.16 2 5
github.com/Andrew1996-la/ship-builder/order/internal/api/order/v1/cancel.go:14.16,15.10 1 4
github.com/Andrew1996-la/ship-builder/order/internal/api/order/v1/cancel.go:16.46,20.10 1 1
github.com/Andrew1996-la/ship-builder/order/internal/api/order/v1/cancel.go:21.49,25.10 1 1
github.com/Andrew1996-la/ship-builder/order/internal/api/order/v1/cancel.go:26.47,30.10 1 1
github.com/Andrew1996-la/ship-builder/order/internal/api/order/v1/cancel.go:31.11,32.19 1 1
github.com/Andrew1996-la/ship-builder/order/internal/api/order/v1/cancel.go:36.2,36.44 1 1
github.com/Andrew1996-la/ship-builder/order/internal/api/order/v1/create.go:13.113,19.48 2 4
github.com/Andrew1996-la/ship-builder/order/internal/api/order/v1/create.go:19.48,21.3 1 4
github.com/Andrew1996-la/ship-builder/order/internal/api/order/v1/create.go:23.2,23.48 1 4
github.com/Andrew1996-la/ship-builder/order/internal/api/order/v1/create.go:23.48,25.3 1 4
github.com/Andrew1996-la/ship-builder/order/internal/api/order/v1/create.go:27.2,28.16 2 4
github.com/Andrew1996-la/ship-builder/order/internal/api/order/v1/create.go:28.16,29.10 1 3
github.com/Andrew1996-la/ship-builder/order/internal/api/order/v1/create.go:30.45,34.10 1 1
github.com/Andrew1996-la/ship-builder/order/internal/api/order/v1/create.go:35.43,39.10 1 1
github.com/Andrew1996-la/ship-builder/order/internal/api/order/v1/create.go:40.11,44.10 1 1
github.com/Andrew1996-la/ship-builder/order/internal/api/order/v1/create.go:48.2,51.8 1 1
github.com/Andrew1996-la/ship-builder/order/internal/api/order/v1/get.go:13.105,15.16 2 3
github.com/Andrew1996-la/ship-builder/order/internal/api/order/v1/get.go:15.16,16.44 1 2
github.com/Andrew1996-la/ship-builder/order/internal/api/order/v1/get.go:16.44,21.4 1 1
github.com/Andrew1996-la/ship-builder/order/internal/api/order/v1/get.go:22.3,22.18 1 1
github.com/Andrew1996-la/ship-builder/order/internal/api/order/v1/get.go:25.2,25.41 1 1
github.com/Andrew1996-la/ship-builder/order/internal/api/order/v1/pay.go:13.135,20.16 3 5
github.com/Andrew1996-la/ship-builder/order/internal/api/order/v1/pay.go:20.16,21.10 1 4
github.com/Andrew1996-la/ship-builder/order/internal/api/order/v1/pay.go:22.46,26.10 1 1
github.com/Andrew1996-la/ship-builder/order/internal/api/order/v1/pay.go:27.49,31.10 1 1
github.com/Andrew1996-la/ship-builder/order/internal/api/order/v1/pay.go:32.47,36.10 1 1
github.com/Andrew1996-la/ship-builder/order/internal/api/order/v1/pay.go:37.11,41.10 1 1
github.com/Andrew1996-la/ship-builder/order/internal/api/order/v1/pay.go:45.2,47.8 1 1
github.com/Andrew1996-la/ship-builder/order/internal/service/order/cancel.go:12.89,14.16 2 0
github.com/Andrew1996-la/ship-builder/order/internal/service/order/cancel.go:14.16,16.3 1 0
github.com/Andrew1996-la/ship-builder/order/internal/service/order/cancel.go:18.2,18.43 1 0
github.com/Andrew1996-la/ship-builder/order/internal/service/order/cancel.go:18.43,20.3 1 0
github.com/Andrew1996-la/ship-builder/order/internal/service/order/cancel.go:22.2,22.48 1 0
github.com/Andrew1996-la/ship-builder/order/internal/service/order/cancel.go:22.48,24.3 1 0
github.com/Andrew1996-la/ship-builder/order/internal/service/order/cancel.go:26.2,29.16 3 0
github.com/Andrew1996-la/ship-builder/order/internal/service/order/cancel.go:29.16,31.3 1 0
github.com/Andrew1996-la/ship-builder/order/internal/service/order/cancel.go:33.2,33.19 1 0
github.com/Andrew1996-la/ship-builder/order/internal/service/order/create.go:13.96,17.16 3 0
github.com/Andrew1996-la/ship-builder/order/internal/service/order/create.go:17.16,19.3 1 0
github.com/Andrew1996-la/ship-builder/order/internal/service/order/create.go:21.2,21.34 1 0
github.com/Andrew1996-la/ship-builder/order/internal/service/order/create.go:21.34,23.3 1 0
github.com/Andrew1996-la/ship-builder/order/internal/service/order/create.go:25.2,27.29 2 0
github.com/Andrew1996-la/ship-builder/order/internal/service/order/create.go:27.29,28.30 1 0
github.com/Andrew1996-la/ship-builder/order/internal/service/order/create.go:28.30,30.4 1 0
github.com/Andrew1996-la/ship-builder/order/internal/service/order/create.go:32.3,32.27 1 0
github.com/Andrew1996-la/ship-builder/order/internal/service/order/create.go:35.2,47.16 3 0
github.com/Andrew1996-la/ship-builder/order/internal/service/order/create.go:47.16,49.3 1 0
github.com/Andrew1996-la/ship-builder/order/internal/service/order/create.go:51.2,51.19 1 0
github.com/Andrew1996-la/ship-builder/order/internal/service/order/get.go:11.81,13.2 1 0
github.com/Andrew1996-la/ship-builder/order/internal/service/order/pay.go:10.90,12.16 2 0
github.com/Andrew1996-la/ship-builder/order/internal/service/order/pay.go:12.16,14.3 1 0
github.com/Andrew1996-la/ship-builder/order/internal/service/order/pay.go:16.2,16.43 1 0
github.com/Andrew1996-la/ship-builder/order/internal/service/order/pay.go:16.43,18.3 1 0
github.com/Andrew1996-la/ship-builder/order/internal/service/order/pay.go:20.2,20.48 1 0
github.com/Andrew1996-la/ship-builder/order/internal/service/order/pay.go:20.48,22.3 1 0
github.com/Andrew1996-la/ship-builder/order/internal/service/order/pay.go:24.2,25.16 2 0
github.com/Andrew1996-la/ship-builder/order/internal/service/order/pay.go:25.16,27.3 1 0
github.com/Andrew1996-la/ship-builder/order/internal/service/order/pay.go:29.2,34.16 5 0
github.com/Andrew1996-la/ship-builder/order/internal/service/order/pay.go:34.16,36.3 1 0
github.com/Andrew1996-la/ship-builder/order/internal/service/order/pay.go:38.2,38.19 1 0
github.com/Andrew1996-la/ship-builder/order/internal/service/order/service.go:13.12,19.2 1 0
github.com/Andrew1996-la/ship-builder/order/internal/api/order/v1/api.go:10.37,14.2 1 0
github.com/Andrew1996-la/ship-builder/order/internal/api/order/v1/cancel.go:12.114,14.16 2 0
github.com/Andrew1996-la/ship-builder/order/internal/api/order/v1/cancel.go:14.16,15.10 1 0
github.com/Andrew1996-la/ship-builder/order/internal/api/order/v1/cancel.go:16.46,20.10 1 0
github.com/Andrew1996-la/ship-builder/order/internal/api/order/v1/cancel.go:21.49,25.10 1 0
github.com/Andrew1996-la/ship-builder/order/internal/api/order/v1/cancel.go:26.47,30.10 1 0
github.com/Andrew1996-la/ship-builder/order/internal/api/order/v1/cancel.go:31.11,32.19 1 0
github.com/Andrew1996-la/ship-builder/order/internal/api/order/v1/cancel.go:36.2,36.44 1 0
github.com/Andrew1996-la/ship-builder/order/internal/api/order/v1/create.go:13.113,19.48 2 0
github.com/Andrew1996-la/ship-builder/order/internal/api/order/v1/create.go:19.48,21.3 1 0
github.com/Andrew1996-la/ship-builder/order/internal/api/order/v1/create.go:23.2,23.48 1 0
github.com/Andrew1996-la/ship-builder/order/internal/api/order/v1/create.go:23.48,25.3 1 0
github.com/Andrew1996-la/ship-builder/order/internal/api/order/v1/create.go:27.2,28.16 2 0
github.com/Andrew1996-la/ship-builder/order/internal/api/order/v1/create.go:28.16,29.10 1 0
github.com/Andrew1996-la/ship-builder/order/internal/api/order/v1/create.go:30.45,34.10 1 0
github.com/Andrew1996-la/ship-builder/order/internal/api/order/v1/create.go:35.43,39.10 1 0
github.com/Andrew1996-la/ship-builder/order/internal/api/order/v1/create.go:40.11,44.10 1 0
github.com/Andrew1996-la/ship-builder/order/internal/api/order/v1/create.go:48.2,51.8 1 0
github.com/Andrew1996-la/ship-builder/order/internal/api/order/v1/get.go:13.105,15.16 2 0
github.com/Andrew1996-la/ship-builder/order/internal/api/order/v1/get.go:15.16,16.44 1 0
github.com/Andrew1996-la/ship-builder/order/internal/api/order/v1/get.go:16.44,21.4 1 0
github.com/Andrew1996-la/ship-builder/order/internal/api/order/v1/get.go:22.3,22.18 1 0
github.com/Andrew1996-la/ship-builder/order/internal/api/order/v1/get.go:25.2,25.41 1 0
github.com/Andrew1996-la/ship-builder/order/internal/api/order/v1/pay.go:13.135,20.16 3 0
github.com/Andrew1996-la/ship-builder/order/internal/api/order/v1/pay.go:20.16,21.10 1 0
github.com/Andrew1996-la/ship-builder/order/internal/api/order/v1/pay.go:22.46,26.10 1 0
github.com/Andrew1996-la/ship-builder/order/internal/api/order/v1/pay.go:27.49,31.10 1 0
github.com/Andrew1996-la/ship-builder/order/internal/api/order/v1/pay.go:32.47,36.10 1 0
github.com/Andrew1996-la/ship-builder/order/internal/api/order/v1/pay.go:37.11,41.10 1 0
github.com/Andrew1996-la/ship-builder/order/internal/api/order/v1/pay.go:45.2,47.8 1 0
github.com/Andrew1996-la/ship-builder/order/internal/service/order/cancel.go:12.89,14.16 2 5
github.com/Andrew1996-la/ship-builder/order/internal/service/order/cancel.go:14.16,16.3 1 1
github.com/Andrew1996-la/ship-builder/order/internal/service/order/cancel.go:18.2,18.43 1 4
github.com/Andrew1996-la/ship-builder/order/internal/service/order/cancel.go:18.43,20.3 1 1
github.com/Andrew1996-la/ship-builder/order/internal/service/order/cancel.go:22.2,22.48 1 3
github.com/Andrew1996-la/ship-builder/order/internal/service/order/cancel.go:22.48,24.3 1 1
github.com/Andrew1996-la/ship-builder/order/internal/service/order/cancel.go:26.2,29.16 3 2
github.com/Andrew1996-la/ship-builder/order/internal/service/order/cancel.go:29.16,31.3 1 1
github.com/Andrew1996-la/ship-builder/order/internal/service/order/cancel.go:33.2,33.19 1 1
github.com/Andrew1996-la/ship-builder/order/internal/service/order/create.go:13.96,17.16 3 5
github.com/Andrew1996-la/ship-builder/order/internal/service/order/create.go:17.16,19.3 1 1
github.com/Andrew1996-la/ship-builder/order/internal/service/order/create.go:21.2,21.34 1 4
github.com/Andrew1996-la/ship-builder/order/internal/service/order/create.go:21.34,23.3 1 1
github.com/Andrew1996-la/ship-builder/order/internal/service/order/create.go:25.2,27.29 2 3
github.com/Andrew1996-la/ship-builder/order/internal/service/order/create.go:27.29,28.30 1 11
github.com/Andrew1996-la/ship-builder/order/internal/service/order/create.go:28.30,30.4 1 1
github.com/Andrew1996-la/ship-builder/order/internal/service/order/create.go:32.3,32.27 1 10
github.com/Andrew1996-la/ship-builder/order/internal/service/order/create.go:35.2,47.16 3 2
github.com/Andrew1996-la/ship-builder/order/internal/service/order/create.go:47.16,49.3 1 1
github.com/Andrew1996-la/ship-builder/order/internal/service/order/create.go:51.2,51.19 1 1
github.com/Andrew1996-la/ship-builder/order/internal/service/order/get.go:11.81,13.2 1 2
github.com/Andrew1996-la/ship-builder/order/internal/service/order/pay.go:10.90,12.16 2 6
github.com/Andrew1996-la/ship-builder/order/internal/service/order/pay.go:12.16,14.3 1 1
github.com/Andrew1996-la/ship-builder/order/internal/service/order/pay.go:16.2,16.43 1 5
github.com/Andrew1996-la/ship-builder/order/internal/service/order/pay.go:16.43,18.3 1 1
github.com/Andrew1996-la/ship-builder/order/internal/service/order/pay.go:20.2,20.48 1 4
github.com/Andrew1996-la/ship-builder/order/internal/service/order/pay.go:20.48,22.3 1 1
github.com/Andrew1996-la/ship-builder/order/internal/service/order/pay.go:24.2,25.16 2 3
github.com/Andrew1996-la/ship-builder/order/internal/service/order/pay.go:25.16,27.3 1 1
github.com/Andrew1996-la/ship-builder/order/internal/service/order/pay.go:29.2,34.16 5 2
github.com/Andrew1996-la/ship-builder/order/internal/service/order/pay.go:34.16,36.3 1 1
github.com/Andrew1996-la/ship-builder/order/internal/service/order/pay.go:38.2,38.19 1 1
github.com/Andrew1996-la/ship-builder/order/internal/service/order/service.go:13.12,19.2 1 18
github.com/Andrew1996-la/ship-builder/order/internal/api/order/v1/api.go:10.37,14.2 1 0
github.com/Andrew1996-la/ship-builder/order/internal/api/order/v1/cancel.go:12.114,14.16 2 0
github.com/Andrew1996-la/ship-builder/order/internal/api/order/v1/cancel.go:14.16,15.10 1 0
github.com/Andrew1996-la/ship-builder/order/internal/api/order/v1/cancel.go:16.46,20.10 1 0
github.com/Andrew1996-la/ship-builder/order/internal/api/order/v1/cancel.go:21.49,25.10 1 0
github.com/Andrew1996-la/ship-builder/order/internal/api/order/v1/cancel.go:26.47,30.10 1 0
github.com/Andrew1996-la/ship-builder/order/internal/api/order/v1/cancel.go:31.11,32.19 1 0
github.com/Andrew1996-la/ship-builder/order/internal/api/order/v1/cancel.go:36.2,36.44 1 0
github.com/Andrew1996-la/ship-builder/order/internal/api/order/v1/create.go:13.113,19.48 2 0
github.com/Andrew1996-la/ship-builder/order/internal/api/order/v1/create.go:19.48,21.3 1 0
github.com/Andrew1996-la/ship-builder/order/internal/api/order/v1/create.go:23.2,23.48 1 0
github.com/Andrew1996-la/ship-builder/order/internal/api/order/v1/create.go:23.48,25.3 1 0
github.com/Andrew1996-la/ship-builder/order/internal/api/order/v1/create.go:27.2,28.16 2 0
github.com/Andrew1996-la/ship-builder/order/internal/api/order/v1/create.go:28.16,29.10 1 0
github.com/Andrew1996-la/ship-builder/order/internal/api/order/v1/create.go:30.45,34.10 1 0
github.com/Andrew1996-la/ship-builder/order/internal/api/order/v1/create.go:35.43,39.10 1 0
github.com/Andrew1996-la/ship-builder/order/internal/api/order/v1/create.go:40.11,44.10 1 0
github.com/Andrew1996-la/ship-builder/order/internal/api/order/v1/create.go:48.2,51.8 1 0
github.com/Andrew1996-la/ship-builder/order/internal/api/order/v1/get.go:13.105,15.16 2 0
github.com/Andrew1996-la/ship-builder/order/internal/api/order/v1/get.go:15.16,16.44 1 0
github.com/Andrew1996-la/ship-builder/order/internal/api/order/v1/get.go:16.44,21.4 1 0
github.com/Andrew1996-la/ship-builder/order/internal/api/order/v1/get.go:22.3,22.18 1 0
github.com/Andrew1996-la/ship-builder/order/internal/api/order/v1/get.go:25.2,25.41 1 0
github.com/Andrew1996-la/ship-builder/order/internal/api/order/v1/pay.go:13.135,20.16 3 0
github.com/Andrew1996-la/ship-builder/order/internal/api/order/v1/pay.go:20.16,21.10 1 0
github.com/Andrew1996-la/ship-builder/order/internal/api/order/v1/pay.go:22.46,26.10 1 0
github.com/Andrew1996-la/ship-builder/order/internal/api/order/v1/pay.go:27.49,31.10 1 0
github.com/Andrew1996-la/ship-builder/order/internal/api/order/v1/pay.go:32.47,36.10 1 0
github.com/Andrew1996-la/ship-builder/order/internal/api/order/v1/pay.go:37.11,41.10 1 0
github.com/Andrew1996-la/ship-builder/order/internal/api/order/v1/pay.go:45.2,47.8 1 0
github.com/Andrew1996-la/ship-builder/order/internal/service/order/cancel.go:12.89,14.16 2 0
github.com/Andrew1996-la/ship-builder/order/internal/service/order/cancel.go:14.16,16.3 1 0
github.com/Andrew1996-la/ship-builder/order/internal/service/order/cancel.go:18.2,18.43 1 0
github.com/Andrew1996-la/ship-builder/order/internal/service/order/cancel.go:18.43,20.3 1 0
github.com/Andrew1996-la/ship-builder/order/internal/service/order/cancel.go:22.2,22.48 1 0
github.com/Andrew1996-la/ship-builder/order/internal/service/order/cancel.go:22.48,24.3 1 0
github.com/Andrew1996-la/ship-builder/order/internal/service/order/cancel.go:26.2,29.16 3 0
github.com/Andrew1996-la/ship-builder/order/internal/service/order/cancel.go:29.16,31.3 1 0
github.com/Andrew1996-la/ship-builder/order/internal/service/order/cancel.go:33.2,33.19 1 0
github.com/Andrew1996-la/ship-builder/order/internal/service/order/create.go:13.96,17.16 3 0
github.com/Andrew1996-la/ship-builder/order/internal/service/order/create.go:17.16,19.3 1 0
github.com/Andrew1996-la/ship-builder/order/internal/service/order/create.go:21.2,21.34 1 0
github.com/Andrew1996-la/ship-builder/order/internal/service/order/create.go:21.34,23.3 1 0
github.com/Andrew1996-la/ship-builder/order/internal/service/order/create.go:25.2,27.29 2 0
github.com/Andrew1996-la/ship-builder/order/internal/service/order/create.go:27.29,28.30 1 0
github.com/Andrew1996-la/ship-builder/order/internal/service/order/create.go:28.30,30.4 1 0
github.com/Andrew1996-la/ship-builder/order/internal/service/order/create.go:32.3,32.27 1 0
github.com/Andrew1996-la/ship-builder/order/internal/service/order/create.go:35.2,47.16 3 0
github.com/Andrew1996-la/ship-builder/order/internal/service/order/create.go:47.16,49.3 1 0
github.com/Andrew1996-la/ship-builder/order/internal/service/order/create.go:51.2,51.19 1 0
github.com/Andrew1996-la/ship-builder/order/internal/service/order/get.go:11.81,13.2 1 0
github.com/Andrew1996-la/ship-builder/order/internal/service/order/pay.go:10.90,12.16 2 0
github.com/Andrew1996-la/ship-builder/order/internal/service/order/pay.go:12.16,14.3 1 0
github.com/Andrew1996-la/ship-builder/order/internal/service/order/pay.go:16.2,16.43 1 0
github.com/Andrew1996-la/ship-builder/order/internal/service/order/pay.go:16.43,18.3 1 0
github.com/Andrew1996-la/ship-builder/order/internal/service/order/pay.go:20.2,20.48 1 0
github.com/Andrew1996-la/ship-builder/order/internal/service/order/pay.go:20.48,22.3 1 0
github.com/Andrew1996-la/ship-builder/order/internal/service/order/pay.go:24.2,25.16 2 0
github.com/Andrew1996-la/ship-builder/order/internal/service/order/pay.go:25.16,27.3 1 0
github.com/Andrew1996-la/ship-builder/order/internal/service/order/pay.go:29.2,34.16 5 0
github.com/Andrew1996-la/ship-builder/order/internal/service/order/pay.go:34.16,36.3 1 0
github.com/Andrew1996-la/ship-builder/order/internal/service/order/pay.go:38.2,38.19 1 0
github.com/Andrew1996-la/ship-builder/order/internal/service/order/service.go:13.12,19.2 1 0
github.com/Andrew1996-la/ship-builder/inventory/internal/api/inventory/v1/api.go:10.40,14.2 1 0
github.com/Andrew1996-la/ship-builder/inventory/internal/api/inventory/v1/get.go:10.110,12.16 2 0
github.com/Andrew1996-la/ship-builder/inventory/internal/api/inventory/v1/get.go:12.16,14.3 1 0
github.com/Andrew1996-la/ship-builder/inventory/internal/api/inventory/v1/get.go:16.2,18.8 1 0
github.com/Andrew1996-la/ship-builder/inventory/internal/api/inventory/v1/list.go:11.116,18.16 3 0
github.com/Andrew1996-la/ship-builder/inventory/internal/api/inventory/v1/list.go:18.16,20.3 1 0
github.com/Andrew1996-la/ship-builder/inventory/internal/api/inventory/v1/list.go:22.2,24.26 2 0
github.com/Andrew1996-la/ship-builder/inventory/internal/api/inventory/v1/list.go:24.26,26.3 1 0
github.com/Andrew1996-la/ship-builder/inventory/internal/api/inventory/v1/list.go:28.2,30.8 1 0
github.com/Andrew1996-la/ship-builder/inventory/internal/service/part/get.go:9.76,11.2 1 0
github.com/Andrew1996-la/ship-builder/inventory/internal/service/part/list.go:9.92,11.2 1 0
github.com/Andrew1996-la/ship-builder/inventory/internal/service/part/service.go:7.46,11.2 1 0
github.com/Andrew1996-la/ship-builder/inventory/internal/api/inventory/v1/api.go:10.40,14.2 1 0
github.com/Andrew1996-la/ship-builder/inventory/internal/api/inventory/v1/get.go:10.110,12.16 2 0
github.com/Andrew1996-la/ship-builder/inventory/internal/api/inventory/v1/get.go:12.16,14.3 1 0
github.com/Andrew1996-la/ship-builder/inventory/internal/api/inventory/v1/get.go:16.2,18.8 1 0
github.com/Andrew1996-la/ship-builder/inventory/internal/api/inventory/v1/list.go:11.116,18.16 3 0
github.com/Andrew1996-la/ship-builder/inventory/internal/api/inventory/v1/list.go:18.16,20.3 1 0
github.com/Andrew1996-la/ship-builder/inventory/internal/api/inventory/v1/list.go:22.2,24.26 2 0
github.com/Andrew1996-la/ship-builder/inventory/internal/api/inventory/v1/list.go:24.26,26.3 1 0
github.com/Andrew1996-la/ship-builder/inventory/internal/api/inventory/v1/list.go:28.2,30.8 1 0
github.com/Andrew1996-la/ship-builder/inventory/internal/service/part/get.go:9.76,11.2 1 2
github.com/Andrew1996-la/ship-builder/inventory/internal/service/part/list.go:9.92,11.2 1 2
github.com/Andrew1996-la/ship-builder/inventory/internal/service/part/service.go:7.46,11.2 1 4
github.com/Andrew1996-la/ship-builder/inventory/internal/api/inventory/v1/api.go:10.40,14.2 1 4
github.com/Andrew1996-la/ship-builder/inventory/internal/api/inventory/v1/get.go:10.110,12.16 2 2
github.com/Andrew1996-la/ship-builder/inventory/internal/api/inventory/v1/get.go:12.16,14.3 1 1
github.com/Andrew1996-la/ship-builder/inventory/internal/api/inventory/v1/get.go:16.2,18.8 1 1
github.com/Andrew1996-la/ship-builder/inventory/internal/api/inventory/v1/list.go:11.116,18.16 3 2
github.com/Andrew1996-la/ship-builder/inventory/internal/api/inventory/v1/list.go:18.16,20.3 1 1
github.com/Andrew1996-la/ship-builder/inventory/internal/api/inventory/v1/list.go:22.2,24.26 2 1
github.com/Andrew1996-la/ship-builder/inventory/internal/api/inventory/v1/list.go:24.26,26.3 1 1
github.com/Andrew1996-la/ship-builder/inventory/internal/api/inventory/v1/list.go:28.2,30.8 1 1
github.com/Andrew1996-la/ship-builder/inventory/internal/service/part/get.go:9.76,11.2 1 0
github.com/Andrew1996-la/ship-builder/inventory/internal/service/part/list.go:9.92,11.2 1 0
github.com/Andrew1996-la/ship-builder/inventory/internal/service/part/service.go:7.46,11.2 1 0
github.com/Andrew1996-la/ship-builder/payment/internal/api/payment/v1/api.go:10.39,14.2 1 0
github.com/Andrew1996-la/ship-builder/payment/internal/api/payment/v1/pay.go:14.40,16.16 2 0
github.com/Andrew1996-la/ship-builder/payment/internal/api/payment/v1/pay.go:16.16,18.3 1 0
github.com/Andrew1996-la/ship-builder/payment/internal/api/payment/v1/pay.go:20.2,21.16 2 0
github.com/Andrew1996-la/ship-builder/payment/internal/api/payment/v1/pay.go:21.16,23.3 1 0
github.com/Andrew1996-la/ship-builder/payment/internal/api/payment/v1/pay.go:25.2,25.56 1 0
github.com/Andrew1996-la/ship-builder/payment/internal/service/payment/pay.go:13.90,14.58 1 0
github.com/Andrew1996-la/ship-builder/payment/internal/service/payment/pay.go:14.58,16.3 1 0
github.com/Andrew1996-la/ship-builder/payment/internal/service/payment/pay.go:18.2,30.8 3 0
github.com/Andrew1996-la/ship-builder/payment/internal/service/payment/service.go:5.21,7.2 1 0
github.com/Andrew1996-la/ship-builder/payment/internal/api/payment/v1/api.go:10.39,14.2 1 3
github.com/Andrew1996-la/ship-builder/payment/internal/api/payment/v1/pay.go:14.40,16.16 2 3
github.com/Andrew1996-la/ship-builder/payment/internal/api/payment/v1/pay.go:16.16,18.3 1 1
github.com/Andrew1996-la/ship-builder/payment/internal/api/payment/v1/pay.go:20.2,21.16 2 2
github.com/Andrew1996-la/ship-builder/payment/internal/api/payment/v1/pay.go:21.16,23.3 1 1
github.com/Andrew1996-la/ship-builder/payment/internal/api/payment/v1/pay.go:25.2,25.56 1 1
github.com/Andrew1996-la/ship-builder/payment/internal/service/payment/pay.go:13.90,14.58 1 0
github.com/Andrew1996-la/ship-builder/payment/internal/service/payment/pay.go:14.58,16.3 1 0
github.com/Andrew1996-la/ship-builder/payment/internal/service/payment/pay.go:18.2,30.8 3 0
github.com/Andrew1996-la/ship-builder/payment/internal/service/payment/service.go:5.21,7.2 1 0
github.com/Andrew1996-la/ship-builder/payment/internal/api/payment/v1/api.go:10.39,14.2 1 0
github.com/Andrew1996-la/ship-builder/payment/internal/api/payment/v1/pay.go:14.40,16.16 2 0
github.com/Andrew1996-la/ship-builder/payment/internal/api/payment/v1/pay.go:16.16,18.3 1 0
github.com/Andrew1996-la/ship-builder/payment/internal/api/payment/v1/pay.go:20.2,21.16 2 0
github.com/Andrew1996-la/ship-builder/payment/internal/api/payment/v1/pay.go:21.16,23.3 1 0
github.com/Andrew1996-la/ship-builder/payment/internal/api/payment/v1/pay.go:25.2,25.56 1 0
github.com/Andrew1996-la/ship-builder/payment/internal/service/payment/pay.go:13.90,14.58 1 3
github.com/Andrew1996-la/ship-builder/payment/internal/service/payment/pay.go:14.58,16.3 1 1
github.com/Andrew1996-la/ship-builder/payment/internal/service/payment/pay.go:18.2,30.8 3 2
github.com/Andrew1996-la/ship-builder/payment/internal/service/payment/service.go:5.21,7.2 1 3
